mode: set
github.com/argusdusty/statext/dirichletwinner.go:16.94,17.26 1 1
github.com/argusdusty/statext/dirichletwinner.go:23.2,30.31 4 1
github.com/argusdusty/statext/dirichletwinner.go:41.2,41.35 1 1
github.com/argusdusty/statext/dirichletwinner.go:17.26,18.36 1 1
github.com/argusdusty/statext/dirichletwinner.go:21.3,21.9 1 1
github.com/argusdusty/statext/dirichletwinner.go:18.36,20.4 1 1
github.com/argusdusty/statext/dirichletwinner.go:30.31,33.17 3 1
github.com/argusdusty/statext/dirichletwinner.go:38.3,39.14 2 1
github.com/argusdusty/statext/dirichletwinner.go:33.17,36.12 3 1
github.com/argusdusty/statext/dirichletwinner.go:41.35,43.3 1 1
github.com/argusdusty/statext/dirichletwinner.go:49.141,51.24 2 1
github.com/argusdusty/statext/dirichletwinner.go:59.2,61.25 3 1
github.com/argusdusty/statext/dirichletwinner.go:72.2,72.25 1 1
github.com/argusdusty/statext/dirichletwinner.go:51.24,52.26 1 0
github.com/argusdusty/statext/dirichletwinner.go:57.3,57.9 1 0
github.com/argusdusty/statext/dirichletwinner.go:52.26,55.4 1 0
github.com/argusdusty/statext/dirichletwinner.go:61.25,64.49 3 1
github.com/argusdusty/statext/dirichletwinner.go:64.49,69.4 3 1
github.com/argusdusty/statext/dirichletwinner.go:72.25,74.3 1 1
github.com/argusdusty/statext/dirichletwinner.go:80.63,83.12 3 1
github.com/argusdusty/statext/dirichletwinner.go:87.2,87.12 1 1
github.com/argusdusty/statext/dirichletwinner.go:93.2,97.31 3 1
github.com/argusdusty/statext/dirichletwinner.go:101.2,108.6 8 1
github.com/argusdusty/statext/dirichletwinner.go:122.2,122.15 1 1
github.com/argusdusty/statext/dirichletwinner.go:83.12,86.3 2 1
github.com/argusdusty/statext/dirichletwinner.go:87.12,92.3 4 1
github.com/argusdusty/statext/dirichletwinner.go:97.31,100.3 2 1
github.com/argusdusty/statext/dirichletwinner.go:108.6,111.28 3 1
github.com/argusdusty/statext/dirichletwinner.go:114.3,114.41 1 1
github.com/argusdusty/statext/dirichletwinner.go:117.3,117.28 1 1
github.com/argusdusty/statext/dirichletwinner.go:120.3,120.7 1 1
github.com/argusdusty/statext/dirichletwinner.go:111.28,113.4 1 1
github.com/argusdusty/statext/dirichletwinner.go:114.41,115.9 1 1
github.com/argusdusty/statext/dirichletwinner.go:117.28,119.4 1 1
github.com/argusdusty/statext/poissonbinomial.go:25.71,26.17 1 1
github.com/argusdusty/statext/poissonbinomial.go:29.2,29.22 1 1
github.com/argusdusty/statext/poissonbinomial.go:36.2,42.13 4 1
github.com/argusdusty/statext/poissonbinomial.go:26.17,27.52 1 0
github.com/argusdusty/statext/poissonbinomial.go:29.22,30.12 1 1
github.com/argusdusty/statext/poissonbinomial.go:30.12,31.47 1 0
github.com/argusdusty/statext/poissonbinomial.go:32.9,32.19 1 1
github.com/argusdusty/statext/poissonbinomial.go:32.19,33.50 1 0
github.com/argusdusty/statext/poissonbinomial.go:47.49,52.24 5 1
github.com/argusdusty/statext/poissonbinomial.go:57.2,57.29 1 1
github.com/argusdusty/statext/poissonbinomial.go:63.2,64.16 2 1
github.com/argusdusty/statext/poissonbinomial.go:67.2,68.12 2 1
github.com/argusdusty/statext/poissonbinomial.go:52.24,56.3 2 1
github.com/argusdusty/statext/poissonbinomial.go:57.29,61.3 1 1
github.com/argusdusty/statext/poissonbinomial.go:64.16,65.13 1 0
github.com/argusdusty/statext/poissonbinomial.go:71.49,74.34 3 1
github.com/argusdusty/statext/poissonbinomial.go:78.2,78.12 1 1
github.com/argusdusty/statext/poissonbinomial.go:74.34,77.3 2 1
github.com/argusdusty/statext/poissonbinomial.go:82.49,83.11 1 1
github.com/argusdusty/statext/poissonbinomial.go:86.2,86.28 1 1
github.com/argusdusty/statext/poissonbinomial.go:89.2,89.10 1 1
github.com/argusdusty/statext/poissonbinomial.go:83.11,85.3 1 1
github.com/argusdusty/statext/poissonbinomial.go:86.28,88.3 1 1
github.com/argusdusty/statext/poissonbinomial.go:93.47,95.27 2 1
github.com/argusdusty/statext/poissonbinomial.go:98.2,99.19 2 1
github.com/argusdusty/statext/poissonbinomial.go:95.27,97.3 1 1
github.com/argusdusty/statext/poissonbinomial.go:104.53,105.58 1 1
github.com/argusdusty/statext/poissonbinomial.go:108.2,108.28 1 1
github.com/argusdusty/statext/poissonbinomial.go:105.58,107.3 1 1
github.com/argusdusty/statext/poissonbinomial.go:112.41,114.27 2 1
github.com/argusdusty/statext/poissonbinomial.go:117.2,117.13 1 1
github.com/argusdusty/statext/poissonbinomial.go:114.27,116.3 1 1
github.com/argusdusty/statext/poissonbinomial.go:121.46,123.2 1 1
github.com/argusdusty/statext/poissonbinomial.go:126.50,127.58 1 1
github.com/argusdusty/statext/poissonbinomial.go:130.2,130.22 1 1
github.com/argusdusty/statext/poissonbinomial.go:127.58,129.3 1 1
github.com/argusdusty/statext/poissonbinomial.go:134.41,137.2 2 1
github.com/argusdusty/statext/poissonbinomial.go:140.45,142.27 2 1
github.com/argusdusty/statext/poissonbinomial.go:145.2,146.17 2 1
github.com/argusdusty/statext/poissonbinomial.go:142.27,144.3 1 1
github.com/argusdusty/statext/poissonbinomial.go:150.43,152.2 1 1
github.com/argusdusty/statext/poissonbinomial.go:155.54,157.2 1 1
github.com/argusdusty/statext/poissonbinomial.go:160.45,162.27 2 1
github.com/argusdusty/statext/poissonbinomial.go:165.2,165.17 1 1
github.com/argusdusty/statext/poissonbinomial.go:162.27,164.3 1 1
